Arguments: 
  /home/bleal/.nvm/versions/node/v16.18.0/bin/node /home/bleal/.nvm/versions/node/v16.18.0/bin/yarnpkg install

PATH: 
  /tmp/yarn--1688410348043-0.6827774561442157:/home/bleal/.config/yarn/global/node_modules/.bin:/home/bleal/.config/yarn/link/node_modules/.bin:/home/bleal/.yarn/bin:/home/bleal/.nvm/versions/node/v16.18.0/libexec/lib/node_modules/npm/bin/node-gyp-bin:/home/bleal/.nvm/versions/node/v16.18.0/lib/node_modules/npm/bin/node-gyp-bin:/home/bleal/.nvm/versions/node/v16.18.0/bin/node_modules/npm/bin/node-gyp-bin:/home/bleal/.nvm/versions/node/v16.18.0/bin:/home/bleal/bin:/opt/maven/bin:/usr/local/sbin:/usr/local/bin:/usr/sbin:/usr/bin:/sbin:/bin:/usr/games:/usr/local/games:/snap/bin:/snap/bin

Yarn version: 
  1.22.19

Node version: 
  16.18.0

Platform: 
  linux x64

Trace: 
  Error: Client network socket disconnected before secure TLS connection was established
      at connResetException (node:internal/errors:705:14)
      at TLSSocket.onConnectEnd (node:_tls_wrap:1594:19)
      at TLSSocket.emit (node:events:525:35)
      at endReadableNT (node:internal/streams/readable:1358:12)
      at processTicksAndRejections (node:internal/process/task_queues:83:21)

npm manifest: 
  {
    "name": "example-expo",
    "version": "1.0.0",
    "main": "node_modules/expo/AppEntry.js",
    "scripts": {
      "start": "expo start",
      "android": "expo start --android",
      "ios": "expo start --ios",
      "web": "expo start --web"
    },
    "dependencies": {
      "expo": "~48.0.18",
      "expo-status-bar": "~1.4.4",
      "react": "18.2.0",
      "react-native": "0.71.8"
    },
    "devDependencies": {
      "@babel/core": "^7.20.0"
    },
    "private": true
  }

yarn manifest: 
  No manifest

Lockfile: 
  No lockfile
